<?xml version="1.0" encoding="UTF-8"?>
<testsuite xmlns:xsi="http://www.w3.org/2001/XMLSchema-instance" xsi:noNamespaceSchemaLocation="https://maven.apache.org/surefire/maven-surefire-plugin/xsd/surefire-test-report.xsd" name="com.toufik.controller.AuthControllerTest" time="0" tests="5" errors="0" skipped="0" failures="0">
  <properties>
[...]
</properties>
  <testcase name="logout_ReturnsSuccessMessageAndDeletesRefreshToken" classname="com.toufik.controller.AuthControllerTest" time="0"/>
  <testcase name="login_ReturnsAuthenticationResponse" classname="com.toufik.controller.AuthControllerTest" time="0"/>
  <testcase name="verifyAccount_ReturnsSuccessMessage_WhenAccountVerificationIsSuccessful" classname="com.toufik.controller.AuthControllerTest" time="0"/>
  <testcase name="signup_ReturnsSuccessMessage_WhenSignupIsSuccessful" classname="com.toufik.controller.AuthControllerTest" time="0"/>
  <testcase name="refreshTokens_ReturnsAuthenticationResponse" classname="com.toufik.controller.AuthControllerTest" time="0"/>
</testsuite>